time=2025-02-04T23:46:40.267+01:00 level=ERROR msg=---------------------------------------------------
time=2025-02-04T23:47:11.720+01:00 level=ERROR msg=---------------------------------------------------
time=2025-02-04T23:47:23.983+01:00 level=ERROR msg="No ID found in the input image" path=./assets/tmp/temp-header-image.png
time=2025-02-04T23:47:23.983+01:00 level=ERROR msg="Chyba pri extrakcii ID zo záhlavia obrázku" error="No ID found in the input image"
time=2025-02-04T23:47:23.983+01:00 level=ERROR msg="Chyba pri získavaní ID študenta" error="No ID found in the input image"
time=2025-02-04T23:47:29.650+01:00 level=ERROR msg="Failed to convert QuestionNumber to integer" error="expected integer"
time=2025-02-04T23:47:29.650+01:00 level=ERROR msg="Chyba pri extrakcii čísla otázky" questionIndex=0 error="expected integer"
time=2025-02-04T23:47:29.650+01:00 level=ERROR msg="Chyba pri hľadaní čísla otázky" questionIndex=0 error="expected integer"
time=2025-02-04T23:48:12.495+01:00 level=ERROR msg="Failed to convert QuestionNumber to integer" error="expected integer"
time=2025-02-04T23:48:12.496+01:00 level=ERROR msg="Chyba pri extrakcii čísla otázky" questionIndex=0 error="expected integer"
time=2025-02-04T23:48:12.496+01:00 level=ERROR msg="Chyba pri hľadaní čísla otázky" questionIndex=0 error="expected integer"
time=2025-02-04T23:48:18.061+01:00 level=ERROR msg="Failed to convert QuestionNumber to integer" error="expected integer"
time=2025-02-04T23:48:18.061+01:00 level=ERROR msg="Chyba pri extrakcii čísla otázky" questionIndex=0 error="expected integer"
time=2025-02-04T23:48:18.061+01:00 level=ERROR msg="Chyba pri hľadaní čísla otázky" questionIndex=0 error="expected integer"
time=2025-02-16T23:19:08.202+01:00 level=ERROR msg=---------------------------------------------------
time=2025-02-17T08:23:46.473+01:00 level=ERROR msg=---------------------------------------------------
time=2025-02-17T08:24:22.943+01:00 level=ERROR msg=---------------------------------------------------
time=2025-02-17T08:24:55.180+01:00 level=ERROR msg=---------------------------------------------------
time=2025-02-17T08:33:03.163+01:00 level=ERROR msg=---------------------------------------------------
time=2025-02-17T08:35:44.165+01:00 level=ERROR msg=---------------------------------------------------
time=2025-02-17T08:36:18.493+01:00 level=ERROR msg=---------------------------------------------------
time=2025-02-17T08:36:50.047+01:00 level=ERROR msg=---------------------------------------------------
time=2025-02-17T08:39:57.719+01:00 level=ERROR msg=---------------------------------------------------
time=2025-02-17T08:44:34.640+01:00 level=ERROR msg=---------------------------------------------------
time=2025-02-17T08:45:08.959+01:00 level=ERROR msg=---------------------------------------------------
time=2025-02-17T08:46:13.175+01:00 level=ERROR msg=---------------------------------------------------
time=2025-02-17T21:53:49.366+01:00 level=ERROR msg=---------------------------------------------------
time=2025-02-17T21:54:59.772+01:00 level=ERROR msg=---------------------------------------------------
time=2025-02-17T22:09:07.252+01:00 level=ERROR msg=---------------------------------------------------
time=2025-02-17T22:29:07.807+01:00 level=ERROR msg=---------------------------------------------------
time=2025-02-17T22:33:08.544+01:00 level=ERROR msg=---------------------------------------------------
time=2025-02-17T22:37:57.681+01:00 level=ERROR msg=---------------------------------------------------
time=2025-02-17T22:44:07.549+01:00 level=ERROR msg=---------------------------------------------------
time=2025-02-17T22:47:19.588+01:00 level=ERROR msg=---------------------------------------------------
time=2025-02-17T22:54:05.890+01:00 level=ERROR msg=---------------------------------------------------
time=2025-02-17T22:55:52.970+01:00 level=ERROR msg=---------------------------------------------------
time=2025-02-17T22:56:47.736+01:00 level=ERROR msg=---------------------------------------------------
time=2025-02-17T23:05:54.641+01:00 level=ERROR msg=---------------------------------------------------
time=2025-02-17T23:06:31.759+01:00 level=ERROR msg=---------------------------------------------------
time=2025-02-17T23:08:41.355+01:00 level=ERROR msg=---------------------------------------------------
time=2025-02-17T23:10:49.010+01:00 level=ERROR msg=---------------------------------------------------
time=2025-02-17T23:11:26.982+01:00 level=ERROR msg=---------------------------------------------------
time=2025-02-17T23:14:00.355+01:00 level=ERROR msg=---------------------------------------------------
